::1 - - [18/Aug/2025:03:26:16 +0000] "GET /todos HTTP/1.1" 200 30 "-" "PostmanRuntime/7.45.0"
::1 - - [18/Aug/2025:07:00:57 +0000] "GET /todos HTTP/1.1" 500 1546 "-" "PostmanRuntime/7.45.0"
::1 - - [18/Aug/2025:07:02:05 +0000] "GET /todos HTTP/1.1" 500 1546 "-" "PostmanRuntime/7.45.0"
::1 - - [18/Aug/2025:07:06:14 +0000] "GET /todos HTTP/1.1" 200 20 "-" "PostmanRuntime/7.45.0"
::1 - - [18/Aug/2025:07:06:36 +0000] "POST /todos HTTP/1.1" 404 145 "-" "PostmanRuntime/7.45.0"
::1 - - [18/Aug/2025:07:07:07 +0000] "POST /todos HTTP/1.1" 201 84 "-" "PostmanRuntime/7.45.0"
::1 - - [18/Aug/2025:07:07:15 +0000] "GET /todos HTTP/1.1" 200 91 "-" "PostmanRuntime/7.45.0"
::1 - - [18/Aug/2025:08:01:56 +0000] "GET /todos HTTP/1.1" 200 91 "-" "PostmanRuntime/7.45.0"
::1 - - [18/Aug/2025:08:02:09 +0000] "GET /todos/todo-YKHOXIHJc3ub988B HTTP/1.1" 404 166 "-" "PostmanRuntime/7.45.0"
::1 - - [18/Aug/2025:08:02:35 +0000] "GET /todos/todo-YKHOXIHJc3ub988B HTTP/1.1" 200 91 "-" "PostmanRuntime/7.45.0"
::1 - - [18/Aug/2025:08:07:39 +0000] "GET /todos/todo-YKHOXIHJc3ub988B HTTP/1.1" 200 91 "-" "PostmanRuntime/7.45.0"
::1 - - [18/Aug/2025:08:07:47 +0000] "PUT /todos/todo-YKHOXIHJc3ub988B HTTP/1.1" 201 91 "-" "PostmanRuntime/7.45.0"
::1 - - [18/Aug/2025:08:07:55 +0000] "GET /todos/todo-YKHOXIHJc3ub988B HTTP/1.1" 200 90 "-" "PostmanRuntime/7.45.0"
::1 - - [18/Aug/2025:08:08:10 +0000] "PUT /todos/todo-YKHOXIHJc3ub988B HTTP/1.1" 201 91 "-" "PostmanRuntime/7.45.0"
::1 - - [18/Aug/2025:08:08:14 +0000] "GET /todos/todo-YKHOXIHJc3ub988B HTTP/1.1" 200 91 "-" "PostmanRuntime/7.45.0"
::1 - - [18/Aug/2025:08:13:08 +0000] "DELETE /todos/todo-YKHOXIHJc3ub988B HTTP/1.1" 200 54 "-" "PostmanRuntime/7.45.0"
::1 - - [18/Aug/2025:08:13:14 +0000] "GET /todos/todo-YKHOXIHJc3ub988B HTTP/1.1" 200 48 "-" "PostmanRuntime/7.45.0"
::1 - - [18/Aug/2025:08:14:04 +0000] "GET /todos HTTP/1.1" 200 20 "-" "PostmanRuntime/7.45.0"
::1 - - [18/Aug/2025:08:14:34 +0000] "GET /todos HTTP/1.1" 200 30 "-" "PostmanRuntime/7.45.0"
::1 - - [18/Aug/2025:08:14:40 +0000] "POST /todos HTTP/1.1" 201 84 "-" "PostmanRuntime/7.45.0"
::1 - - [18/Aug/2025:08:14:43 +0000] "GET /todos HTTP/1.1" 200 92 "-" "PostmanRuntime/7.45.0"
::1 - - [18/Aug/2025:08:15:06 +0000] "DELETE /todos/todo-jA7RlnMXaVg0IpKo HTTP/1.1" 200 54 "-" "PostmanRuntime/7.45.0"
::1 - - [18/Aug/2025:08:15:14 +0000] "GET /todos HTTP/1.1" 200 30 "-" "PostmanRuntime/7.45.0"
